2018-06-24 22:56:02,890 - INFO - dsid_client - Sending Void request.
2018-06-24 22:56:02,898 - INFO - dsid_client - Received request response.
2018-06-24 22:56:02,898 - INFO - dsid_client - Time elapsed: 0.007033
2018-06-24 22:56:02,898 - INFO - dsid_client - Sending Long request. Value: 12345678988881011
2018-06-24 22:56:02,899 - INFO - dsid_client - Received request response. Value: 12345678988881011
2018-06-24 22:56:02,900 - INFO - dsid_client - Time elapsed: 0.001358
2018-06-24 22:56:02,900 - INFO - dsid_client - Sending 8 parameters Long request. Values: 12345678988881011
2018-06-24 22:56:02,903 - INFO - dsid_client - Received request response. Value: 12345678988881011
2018-06-24 22:56:02,903 - INFO - dsid_client - Time elapsed: 0.002876
2018-06-24 22:56:02,903 - INFO - dsid_client - Sending Object request. Value: name: Thyago, lastname: Ribeiro, age: 23, nUSP: 1234567
2018-06-24 22:56:02,905 - INFO - dsid_client - Received request response. Value: name: Laura, lastname: Vieira, age: 23, nUSP: 1234567
2018-06-24 22:56:02,905 - INFO - dsid_client - Time elapsed: 0.001264
2018-06-24 22:56:02,905 - INFO - dsid_client - 
 

2018-06-24 22:56:25,794 - INFO - dsid_client - Sending Void request.
2018-06-24 22:56:25,804 - INFO - dsid_client - Received request response.
2018-06-24 22:56:25,804 - INFO - dsid_client - Time elapsed: 0.009107
2018-06-24 22:56:25,804 - INFO - dsid_client - Sending Long request. Value: 12345678988881011
2018-06-24 22:56:25,808 - INFO - dsid_client - Received request response. Value: 12345678988881011
2018-06-24 22:56:25,808 - INFO - dsid_client - Time elapsed: 0.003268
2018-06-24 22:56:25,808 - INFO - dsid_client - Sending 8 parameters Long request. Values: 12345678988881011
2018-06-24 22:56:25,809 - INFO - dsid_client - Received request response. Value: 12345678988881011
2018-06-24 22:56:25,809 - INFO - dsid_client - Time elapsed: 0.001095
2018-06-24 22:56:25,809 - INFO - dsid_client - Sending Object request. Value: name: Thyago, lastname: Ribeiro, age: 23, nUSP: 1234567
2018-06-24 22:56:25,811 - INFO - dsid_client - Received request response. Value: name: Laura, lastname: Vieira, age: 23, nUSP: 1234567
2018-06-24 22:56:25,811 - INFO - dsid_client - Time elapsed: 0.00124
2018-06-24 22:56:25,811 - INFO - dsid_client - 
 

2018-06-24 22:56:32,239 - INFO - dsid_client - Sending Void request.
2018-06-24 22:56:32,246 - INFO - dsid_client - Received request response.
2018-06-24 22:56:32,247 - INFO - dsid_client - Time elapsed: 0.007116
2018-06-24 22:56:32,247 - INFO - dsid_client - Sending Long request. Value: 12345678988881011
2018-06-24 22:56:32,248 - INFO - dsid_client - Received request response. Value: 12345678988881011
2018-06-24 22:56:32,248 - INFO - dsid_client - Time elapsed: 0.00102
2018-06-24 22:56:32,248 - INFO - dsid_client - Sending 8 parameters Long request. Values: 12345678988881011
2018-06-24 22:56:32,250 - INFO - dsid_client - Received request response. Value: 12345678988881011
2018-06-24 22:56:32,250 - INFO - dsid_client - Time elapsed: 0.001251
2018-06-24 22:56:32,251 - INFO - dsid_client - Sending Object request. Value: name: Thyago, lastname: Ribeiro, age: 23, nUSP: 1234567
2018-06-24 22:56:32,252 - INFO - dsid_client - Received request response. Value: name: Laura, lastname: Vieira, age: 23, nUSP: 1234567
2018-06-24 22:56:32,252 - INFO - dsid_client - Time elapsed: 0.001191
2018-06-24 22:56:32,252 - INFO - dsid_client - 
 

2018-06-24 22:56:51,250 - INFO - dsid_client - Sending Long request. Value: 12345678988881011
2018-06-24 22:56:51,259 - INFO - dsid_client - Received request response. Value: 12345678988881011
2018-06-24 22:56:51,259 - INFO - dsid_client - Time elapsed: 0.008255
2018-06-24 22:56:51,259 - INFO - dsid_client - Sending Void request.
2018-06-24 22:56:51,261 - INFO - dsid_client - Received request response.
2018-06-24 22:56:51,261 - INFO - dsid_client - Time elapsed: 0.001291
2018-06-24 22:56:51,261 - INFO - dsid_client - Sending 8 parameters Long request. Values: 12345678988881011
2018-06-24 22:56:51,264 - INFO - dsid_client - Received request response. Value: 12345678988881011
2018-06-24 22:56:51,265 - INFO - dsid_client - Time elapsed: 0.002899
2018-06-24 22:56:51,265 - INFO - dsid_client - Sending Object request. Value: name: Thyago, lastname: Ribeiro, age: 23, nUSP: 1234567
2018-06-24 22:56:51,266 - INFO - dsid_client - Received request response. Value: name: Laura, lastname: Vieira, age: 23, nUSP: 1234567
2018-06-24 22:56:51,267 - INFO - dsid_client - Time elapsed: 0.001379
2018-06-24 22:56:51,267 - INFO - dsid_client - 
 

2018-06-24 22:59:44,602 - INFO - dsid_client - Sending Void request.
2018-06-24 22:59:44,617 - INFO - dsid_client - Received request response.
2018-06-24 22:59:44,617 - INFO - dsid_client - Time elapsed: 0.014478
2018-06-24 22:59:44,618 - INFO - dsid_client - Sending Long request. Value: 12345678988881011
2018-06-24 22:59:44,619 - INFO - dsid_client - Received request response. Value: 12345678988881011
2018-06-24 22:59:44,620 - INFO - dsid_client - Time elapsed: 0.001732
2018-06-24 22:59:44,620 - INFO - dsid_client - Sending 8 parameters Long request. Values: 12345678988881011
2018-06-24 22:59:44,623 - INFO - dsid_client - Received request response. Value: 12345678988881011
2018-06-24 22:59:44,623 - INFO - dsid_client - Time elapsed: 0.002645
2018-06-24 22:59:44,623 - INFO - dsid_client - Sending String request.
2018-06-24 22:59:44,625 - INFO - dsid_client - Received request response. Value: A
2018-06-24 22:59:44,625 - INFO - dsid_client - Time elapsed: 0.001876
2018-06-24 22:59:44,625 - INFO - dsid_client - Sending Object request. Value: name: Thyago, lastname: Ribeiro, age: 23, nUSP: 1234567
2018-06-24 22:59:44,628 - INFO - dsid_client - Received request response. Value: name: Laura, lastname: Vieira, age: 23, nUSP: 1234567
2018-06-24 22:59:44,628 - INFO - dsid_client - Time elapsed: 0.001952
2018-06-24 22:59:44,628 - INFO - dsid_client - 
 

